<?xml version="1.0" encoding="UTF-8"?>
<!-- Generated by org.testng.reporters.JUnitReportReporter -->
<testsuite hostname="DESKTOP-V9FJS6D" failures="0" tests="1" name="com.cucumberpom.Runner.testRunner" time="139.691" errors="0" timestamp="2022-04-01T11:43:49 IST" skipped="0">
  <testcase classname="com.cucumberpom.Runner.testRunner" name="runScenario" time="139.691"/>
  <system-out/>
</testsuite> <!-- com.cucumberpom.Runner.testRunner -->
