<?xml version="1.0" encoding="UTF-8"?>
<!-- Generated by org.testng.reporters.JUnitReportReporter -->
<testsuite hostname="DESKTOP-V9FJS6D" failures="0" tests="1" name="com.cucumberpom.Utility.WriteProperties" time="0.047" errors="0" timestamp="2022-03-28T01:17:58 IST" skipped="0">
  <testcase classname="com.cucumberpom.Utility.WriteProperties" name="write" time="0.047"/>
  <system-out/>
</testsuite> <!-- com.cucumberpom.Utility.WriteProperties -->
